<?xml version="1.0" encoding="UTF-8"?>
<!-- Generated by org.testng.reporters.JUnitReportReporter -->
<testsuite skipped="0" hostname="KhushRang-PC" name="com.rupeek.customaerSearch.Tests.GetSingleUsersWithPhoneTest" tests="2" failures="0" timestamp="27 Apr 2020 10:30:57 GMT" time="4.218" errors="0">
  <testcase name="getAutherizationWithInValidphone" time="3.207" classname="com.rupeek.customaerSearch.Tests.GetSingleUsersWithPhoneTest"/>
  <testcase name="getAutherizationWithValidphone" time="1.011" classname="com.rupeek.customaerSearch.Tests.GetSingleUsersWithPhoneTest"/>
</testsuite> <!-- com.rupeek.customaerSearch.Tests.GetSingleUsersWithPhoneTest -->
