<?xml version="1.0" encoding="UTF-8"?>
<!-- Generated by org.testng.reporters.JUnitReportReporter -->
<testsuite skipped="0" hostname="KhushRang-PC" name="com.rupeek.customaerSearch.Tests.AuthenticateTest" tests="7" failures="0" timestamp="27 Apr 2020 10:14:16 GMT" time="14.072" errors="0">
  <testcase name="gettokenWithInvalidBlankusername" time="0.197" classname="com.rupeek.customaerSearch.Tests.AuthenticateTest"/>
  <testcase name="getTokenWithvalidinput" time="12.985" classname="com.rupeek.customaerSearch.Tests.AuthenticateTest"/>
  <testcase name="gettokenWithInvalidWrongpassword" time="0.183" classname="com.rupeek.customaerSearch.Tests.AuthenticateTest"/>
  <testcase name="gettokenWithInvalidBlankpassword" time="0.218" classname="com.rupeek.customaerSearch.Tests.AuthenticateTest"/>
  <testcase name="gettokenWithInvalidRemovepasswordField" time="0.102" classname="com.rupeek.customaerSearch.Tests.AuthenticateTest"/>
  <testcase name="gettokenWithInvalidRemoveusernameField" time="0.198" classname="com.rupeek.customaerSearch.Tests.AuthenticateTest"/>
  <testcase name="gettokenWithInvalidWrongusername" time="0.189" classname="com.rupeek.customaerSearch.Tests.AuthenticateTest"/>
</testsuite> <!-- com.rupeek.customaerSearch.Tests.AuthenticateTest -->
