<?xml version="1.0" encoding="UTF-8"?>
<!-- Generated by org.testng.reporters.JUnitReportReporter -->
<testsuite skipped="0" hostname="KhushRang-PC" name="com.rupeek.customaerSearch.Tests.GetUsersRecordTest" tests="3" failures="0" timestamp="27 Apr 2020 10:24:50 GMT" time="5.073" errors="0">
  <testcase name="getUsersRecordWithRandomBodyField" time="0.130" classname="com.rupeek.customaerSearch.Tests.GetUsersRecordTest"/>
  <testcase name="getUserRecordWithValidInput" time="4.849" classname="com.rupeek.customaerSearch.Tests.GetUsersRecordTest"/>
  <testcase name="getUsersRecordWithWrongToken" time="0.094" classname="com.rupeek.customaerSearch.Tests.GetUsersRecordTest"/>
</testsuite> <!-- com.rupeek.customaerSearch.Tests.GetUsersRecordTest -->
